# JRE version: Java(TM) SE Runtime Environment (7.0_51-b13) (build 1.7.0_51-b13)
# Java VM: Java HotSpot(TM) 64-Bit Server VM (24.51-b03 mixed mode windows-amd64 compressed oops)
Heap
 PSYoungGen      total 27136K, used 1600K [0x00000000e0400000, 0x00000000e3800000, 0x0000000100000000)
  eden space 2048K, 0% used [0x00000000e0400000,0x00000000e0400000,0x00000000e0600000)
  from space 25088K, 6% used [0x00000000e1f80000,0x00000000e2110000,0x00000000e3800000)
  to   space 25600K, 0% used [0x00000000e0600000,0x00000000e0600000,0x00000000e1f00000)
 ParOldGen       total 1040384K, used 1018276K [0x00000000a0c00000, 0x00000000e0400000, 0x00000000e0400000)
  object space 1040384K, 97% used [0x00000000a0c00000,0x00000000dee693f0,0x00000000e0400000)
 PSPermGen       total 21504K, used 2972K [0x000000009ba00000, 0x000000009cf00000, 0x00000000a0c00000)
  object space 21504K, 13% used [0x000000009ba00000,0x000000009bce7070,0x000000009cf00000)
GC Heap History (10 events):
Event: 1078.234 GC heap after
Heap after GC invocations=256 (full 6):
 PSYoungGen      total 27648K, used 3104K [0x00000000e0400000, 0x00000000e3980000, 0x0000000100000000)
  eden space 1536K, 0% used [0x00000000e0400000,0x00000000e0400000,0x00000000e0580000)
  from space 26112K, 11% used [0x00000000e2000000,0x00000000e2308000,0x00000000e3980000)
  to   space 26624K, 0% used [0x00000000e0580000,0x00000000e0580000,0x00000000e1f80000)
 ParOldGen       total 1040384K, used 1015152K [0x00000000a0c00000, 0x00000000e0400000, 0x00000000e0400000)
  object space 1040384K, 97% used [0x00000000a0c00000,0x00000000deb5c1f0,0x00000000e0400000)
 PSPermGen       total 21504K, used 2972K [0x000000009ba00000, 0x000000009cf00000, 0x00000000a0c00000)
  object space 21504K, 13% used [0x000000009ba00000,0x000000009bce7070,0x000000009cf00000)
}
Event: 1078.234 GC heap before
{Heap before GC invocations=257 (full 7):
 PSYoungGen      total 27648K, used 3104K [0x00000000e0400000, 0x00000000e3980000, 0x0000000100000000)
  eden space 1536K, 0% used [0x00000000e0400000,0x00000000e0400000,0x00000000e0580000)
  from space 26112K, 11% used [0x00000000e2000000,0x00000000e2308000,0x00000000e3980000)
  to   space 26624K, 0% used [0x00000000e0580000,0x00000000e0580000,0x00000000e1f80000)
 ParOldGen       total 1040384K, used 1015152K [0x00000000a0c00000, 0x00000000e0400000, 0x00000000e0400000)
  object space 1040384K, 97% used [0x00000000a0c00000,0x00000000deb5c1f0,0x00000000e0400000)
 PSPermGen       total 21504K, used 2972K [0x000000009ba00000, 0x000000009cf00000, 0x00000000a0c00000)
  object space 21504K, 13% used [0x000000009ba00000,0x000000009bce7070,0x000000009cf00000)
Event: 1092.577 GC heap after
Heap after GC invocations=257 (full 7):
 PSYoungGen      total 27648K, used 0K [0x00000000e0400000, 0x00000000e3980000, 0x0000000100000000)
  eden space 1536K, 0% used [0x00000000e0400000,0x00000000e0400000,0x00000000e0580000)
  from space 26112K, 0% used [0x00000000e2000000,0x00000000e2000000,0x00000000e3980000)
  to   space 26624K, 0% used [0x00000000e0580000,0x00000000e0580000,0x00000000e1f80000)
 ParOldGen       total 1040384K, used 1016794K [0x00000000a0c00000, 0x00000000e0400000, 0x00000000e0400000)
  object space 1040384K, 97% used [0x00000000a0c00000,0x00000000decf6bd0,0x00000000e0400000)
 PSPermGen       total 21504K, used 2972K [0x000000009ba00000, 0x000000009cf00000, 0x00000000a0c00000)
  object space 21504K, 13% used [0x000000009ba00000,0x000000009bce7070,0x000000009cf00000)
}
Event: 1095.127 GC heap before
{Heap before GC invocations=258 (full 7):
 PSYoungGen      total 27648K, used 1536K [0x00000000e0400000, 0x00000000e3980000, 0x0000000100000000)
  eden space 1536K, 100% used [0x00000000e0400000,0x00000000e0580000,0x00000000e0580000)
  from space 26112K, 0% used [0x00000000e2000000,0x00000000e2000000,0x00000000e3980000)
  to   space 26624K, 0% used [0x00000000e0580000,0x00000000e0580000,0x00000000e1f80000)
 ParOldGen       total 1040384K, used 1016794K [0x00000000a0c00000, 0x00000000e0400000, 0x00000000e0400000)
  object space 1040384K, 97% used [0x00000000a0c00000,0x00000000decf6bd0,0x00000000e0400000)
 PSPermGen       total 21504K, used 2972K [0x000000009ba00000, 0x000000009cf00000, 0x00000000a0c00000)
  object space 21504K, 13% used [0x000000009ba00000,0x000000009bce7070,0x000000009cf00000)
Event: 1095.263 GC heap after
Heap after GC invocations=258 (full 7):
 PSYoungGen      total 28160K, used 1600K [0x00000000e0400000, 0x00000000e3900000, 0x0000000100000000)
  eden space 1536K, 0% used [0x00000000e0400000,0x00000000e0400000,0x00000000e0580000)
  from space 26624K, 6% used [0x00000000e0580000,0x00000000e0710000,0x00000000e1f80000)
  to   space 26112K, 0% used [0x00000000e1f80000,0x00000000e1f80000,0x00000000e3900000)
 ParOldGen       total 1040384K, used 1016794K [0x00000000a0c00000, 0x00000000e0400000, 0x00000000e0400000)
  object space 1040384K, 97% used [0x00000000a0c00000,0x00000000decf6bd0,0x00000000e0400000)
 PSPermGen       total 21504K, used 2972K [0x000000009ba00000, 0x000000009cf00000, 0x00000000a0c00000)
  object space 21504K, 13% used [0x000000009ba00000,0x000000009bce7070,0x000000009cf00000)
}
Event: 1095.263 GC heap before
{Heap before GC invocations=259 (full 8):
 PSYoungGen      total 28160K, used 1600K [0x00000000e0400000, 0x00000000e3900000, 0x0000000100000000)
  eden space 1536K, 0% used [0x00000000e0400000,0x00000000e0400000,0x00000000e0580000)
  from space 26624K, 6% used [0x00000000e0580000,0x00000000e0710000,0x00000000e1f80000)
  to   space 26112K, 0% used [0x00000000e1f80000,0x00000000e1f80000,0x00000000e3900000)
 ParOldGen       total 1040384K, used 1016794K [0x00000000a0c00000, 0x00000000e0400000, 0x00000000e0400000)
  object space 1040384K, 97% used [0x00000000a0c00000,0x00000000decf6bd0,0x00000000e0400000)
 PSPermGen       total 21504K, used 2972K [0x000000009ba00000, 0x000000009cf00000, 0x00000000a0c00000)
  object space 21504K, 13% used [0x000000009ba00000,0x000000009bce7070,0x000000009cf00000)
Event: 1115.304 GC heap after
Heap after GC invocations=259 (full 8):
 PSYoungGen      total 28160K, used 0K [0x00000000e0400000, 0x00000000e3900000, 0x0000000100000000)
  eden space 1536K, 0% used [0x00000000e0400000,0x00000000e0400000,0x00000000e0580000)
  from space 26624K, 0% used [0x00000000e0580000,0x00000000e0580000,0x00000000e1f80000)
  to   space 26112K, 0% used [0x00000000e1f80000,0x00000000e1f80000,0x00000000e3900000)
 ParOldGen       total 1040384K, used 1018276K [0x00000000a0c00000, 0x00000000e0400000, 0x00000000e0400000)
  object space 1040384K, 97% used [0x00000000a0c00000,0x00000000dee693f0,0x00000000e0400000)
 PSPermGen       total 21504K, used 2972K [0x000000009ba00000, 0x000000009cf00000, 0x00000000a0c00000)
  object space 21504K, 13% used [0x000000009ba00000,0x000000009bce7070,0x000000009cf00000)
}
Event: 1118.386 GC heap before
{Heap before GC invocations=260 (full 8):
 PSYoungGen      total 28160K, used 1536K [0x00000000e0400000, 0x00000000e3900000, 0x0000000100000000)
  eden space 1536K, 100% used [0x00000000e0400000,0x00000000e0580000,0x00000000e0580000)
  from space 26624K, 0% used [0x00000000e0580000,0x00000000e0580000,0x00000000e1f80000)
  to   space 26112K, 0% used [0x00000000e1f80000,0x00000000e1f80000,0x00000000e3900000)
 ParOldGen       total 1040384K, used 1018276K [0x00000000a0c00000, 0x00000000e0400000, 0x00000000e0400000)
  object space 1040384K, 97% used [0x00000000a0c00000,0x00000000dee693f0,0x00000000e0400000)
 PSPermGen       total 21504K, used 2972K [0x000000009ba00000, 0x000000009cf00000, 0x00000000a0c00000)
  object space 21504K, 13% used [0x000000009ba00000,0x000000009bce7070,0x000000009cf00000)
Event: 1118.552 GC heap after
Heap after GC invocations=260 (full 8):
 PSYoungGen      total 27136K, used 1600K [0x00000000e0400000, 0x00000000e3800000, 0x0000000100000000)
  eden space 2048K, 0% used [0x00000000e0400000,0x00000000e0400000,0x00000000e0600000)
  from space 25088K, 6% used [0x00000000e1f80000,0x00000000e2110000,0x00000000e3800000)
  to   space 25600K, 0% used [0x00000000e0600000,0x00000000e0600000,0x00000000e1f00000)
 ParOldGen       total 1040384K, used 1018276K [0x00000000a0c00000, 0x00000000e0400000, 0x00000000e0400000)
  object space 1040384K, 97% used [0x00000000a0c00000,0x00000000dee693f0,0x00000000e0400000)
 PSPermGen       total 21504K, used 2972K [0x000000009ba00000, 0x000000009cf00000, 0x00000000a0c00000)
  object space 21504K, 13% used [0x000000009ba00000,0x000000009bce7070,0x000000009cf00000)
}
Event: 1118.552 GC heap before
{Heap before GC invocations=261 (full 9):
 PSYoungGen      total 27136K, used 1600K [0x00000000e0400000, 0x00000000e3800000, 0x0000000100000000)
  eden space 2048K, 0% used [0x00000000e0400000,0x00000000e0400000,0x00000000e0600000)
  from space 25088K, 6% used [0x00000000e1f80000,0x00000000e2110000,0x00000000e3800000)
  to   space 25600K, 0% used [0x00000000e0600000,0x00000000e0600000,0x00000000e1f00000)
 ParOldGen       total 1040384K, used 1018276K [0x00000000a0c00000, 0x00000000e0400000, 0x00000000e0400000)
  object space 1040384K, 97% used [0x00000000a0c00000,0x00000000dee693f0,0x00000000e0400000)
 PSPermGen       total 21504K, used 2972K [0x000000009ba00000, 0x000000009cf00000, 0x00000000a0c00000)
  object space 21504K, 13% used [0x000000009ba00000,0x000000009bce7070,0x000000009cf00000)

